[backblue.gif]
[fade.gif]
[index.html]
[stackpath.bootstrapcdn.com/font-awesome/4.7.0/css/font-awesome.min.css]
[d13pxqgp3ixdbh.cloudfront.net/uploads/1594298481d08b4ac366cccd1135649a2bffd7fdfc.png]
[d13pxqgp3ixdbh.cloudfront.net/uploads/15979315638152d30ed3fd8e340cf55c4a3ded9154.png]
[d13pxqgp3ixdbh.cloudfront.net/uploads/15979315904f0c585819d1b5ee9858970abd434141.png]
[d13pxqgp3ixdbh.cloudfront.net/uploads/1521810240fa6d6ceb2d870281aaaea55ee2c2bd26.png]
[d13pxqgp3ixdbh.cloudfront.net/uploads/152181024216cba87166e81f8e9bc897092defd5b0.gif]
[d13pxqgp3ixdbh.cloudfront.net/uploads/1521810239d60abf38ed2c1ae54b2f2fa468647abf.png]
[d13pxqgp3ixdbh.cloudfront.net/uploads/152181023944acce3c78f0947116f4e29a4f861e5e.png]
[d13pxqgp3ixdbh.cloudfront.net/uploads/152181025191c71b3d6964ee7362e6fad3523664d1.png]
[verifyus.cc/afb8251.html]
[d12u7tum9sda5e.cloudfront.net/rDgfRb.js]
[d13pxqgp3ixdbh.cloudfront.net/uploads/assets/1521810199a3073e46082b0e0d3a7ca4abaafc21fc.css]
[d13pxqgp3ixdbh.cloudfront.net/uploads/assets/1521810199673797c1e15941bdf458d49cd8a045fe.css]
[d13pxqgp3ixdbh.cloudfront.net/uploads/assets/15942998837ed1b3a9e78abad8329fa3af5ec8c769.css]
[d13pxqgp3ixdbh.cloudfront.net/uploads/assets/15218101990c531a0f9f6c7e75193d8dd38faec440.css]
[d13pxqgp3ixdbh.cloudfront.net/uploads/assets/1521810199d194fdee0f32436cbf5ad4fd8e6e72f1.css]
[stackpath.bootstrapcdn.com/font-awesome/4.7.0/css/font-awesome.min.css]
[d13pxqgp3ixdbh.cloudfront.net/uploads/assets/15218102635d062eca372ef05dd9e4e66a6772bdc6.js]
[d13pxqgp3ixdbh.cloudfront.net/uploads/assets/1521810261c0031a6dfe8768aa8a1282bfe82d9bda.js]
[d13pxqgp3ixdbh.cloudfront.net/uploads/assets/15218102608c4175622fba7bd7f7cca124e0d4ea09.js]
[d13pxqgp3ixdbh.cloudfront.net/uploads/assets/1521810261adf59b830e805b61f38007133d2c7fb1.js]
[d13pxqgp3ixdbh.cloudfront.net/uploads/assets/15218102628d1d78fd8022d895e635d239637d6fca.js]
[d13pxqgp3ixdbh.cloudfront.net/uploads/assets/1521810261ee515a23e0a3754143a7be69e96503e7.js]
[d13pxqgp3ixdbh.cloudfront.net/uploads/assets/15966295701d4fdc83f61a03e9cb767d5eaca32e63.js]
[d13pxqgp3ixdbh.cloudfront.net/uploads/img/glyphicons-halflings.png]
[d13pxqgp3ixdbh.cloudfront.net/uploads/img/glyphicons-halflings-white.png]
[d13pxqgp3ixdbh.cloudfront.net/uploads/img/bg_direction_nav.png]
